{
  "Cucumber Features": {
    "coverage": {
      "/home/javier/Escritorio/Facultad/Ingenieria de Software/katas-eis/battleship/model/tablero.rb": [
        null,
        1,
        1,
        5,
        5,
        5,
        5,
        5,
        null,
        null,
        1,
        5,
        25,
        null,
        null,
        1,
        4,
        null,
        1,
        0,
        null,
        null,
        1,
        0,
        null,
        null,
        1,
        11,
        null,
        null,
        1,
        1,
        1,
        1,
        null,
        null,
        1,
        4,
        4,
        4,
        null,
        null,
        1,
        3,
        3,
        null,
        null,
        1,
        4,
        4,
        null,
        null,
        1,
        3,
        3,
        null,
        null,
        1,
        2,
        null,
        null,
        1,
        1,
        null,
        null,
        1,
        1,
        null,
        null,
        null
      ],
      "/home/javier/Escritorio/Facultad/Ingenieria de Software/katas-eis/battleship/model/columna.rb": [
        1,
        null,
        1,
        25,
        25,
        null,
        null,
        1,
        25,
        125,
        null,
        null,
        null,
        1,
        15,
        null,
        null,
        1,
        1,
        null,
        null,
        1,
        4,
        4,
        null,
        null,
        1,
        3,
        null,
        null,
        1,
        3,
        null,
        null,
        null
      ],
      "/home/javier/Escritorio/Facultad/Ingenieria de Software/katas-eis/battleship/model/fila.rb": [
        1,
        1,
        125,
        null,
        null,
        1,
        3,
        null,
        null,
        1,
        9,
        null,
        null,
        1,
        3,
        3,
        null,
        0,
        null,
        null,
        null
      ],
      "/home/javier/Escritorio/Facultad/Ingenieria de Software/katas-eis/battleship/model/barco.rb": [
        1,
        1,
        5,
        5,
        5,
        null,
        null,
        1,
        0,
        null,
        null,
        1,
        2,
        null,
        null,
        1,
        1,
        null,
        null,
        1,
        0,
        null,
        null,
        1,
        1,
        null,
        null,
        1,
        0,
        null,
        null,
        null,
        1,
        1,
        1,
        null,
        null,
        null,
        1,
        1,
        4,
        4,
        4,
        null,
        null,
        1,
        3,
        null,
        null,
        1,
        2,
        null,
        null,
        1,
        3,
        null,
        1,
        5,
        null,
        null
      ],
      "/home/javier/Escritorio/Facultad/Ingenieria de Software/katas-eis/battleship/model/disparo.rb": [
        1,
        1,
        4,
        4,
        4,
        4,
        4,
        null,
        null,
        1,
        8,
        7,
        4,
        null,
        null,
        1,
        3,
        3,
        3,
        3,
        null,
        null,
        1,
        1,
        null,
        null,
        1,
        2,
        null,
        null,
        1,
        1,
        null,
        null,
        null
      ],
      "/home/javier/Escritorio/Facultad/Ingenieria de Software/katas-eis/battleship/model/estado_barco.rb": [
        1,
        1,
        6,
        null,
        null,
        1,
        2,
        1,
        null,
        2,
        null,
        null,
        null,
        null,
        1,
        1,
        4,
        null,
        null,
        null,
        null,
        1,
        1,
        2,
        null,
        null,
        1,
        1,
        null,
        null
      ]
    },
    "timestamp": 1430715423
  },
  "RSpec": {
    "coverage": {
      "/Users/nicopaez/Desktop/padrino_base_vacia/app/app.rb": [
        1,
        1,
        1,
        1,
        1,
        1,
        null,
        1,
        null,
        1,
        null,
        1,
        0,
        null,
        null,
        null,
        null,
        null,
        null,
        null,
        null,
        null,
        null,
        null,
        null,
        null,
        null,
        null,
        null,
        null,
        null,
        null,
        null,
        null,
        null,
        null,
        null,
        null,
        null,
        null,
        null,
        null,
        null,
        null,
        null,
        null,
        null,
        null,
        null,
        null,
        null,
        null,
        null,
        null,
        null,
        null,
        null,
        null,
        null,
        null,
        null,
        null,
        null,
        null,
        null,
        null,
        null,
        null,
        null
      ],
      "/Users/nicopaez/Desktop/padrino_base_vacia/app/models/objeto_loco.rb": [
        1,
        null,
        1,
        0,
        null,
        null,
        null
      ]
    },
    "timestamp": 1430486587
  }
}
