{
  "Cucumber Features": {
    "coverage": {
      "/home/javier/Escritorio/Facultad/Ingenieria de Software/katas-eis/batalla_naval/model/tablero.rb": [
        1,
        1,
        1,
        1,
        1,
        1,
        null,
        null,
        1,
        1,
        5,
        null,
        null,
        null,
        1,
        0,
        null,
        1,
        0,
        null,
        null,
        1,
        0,
        null,
        null,
        1,
        0,
        null,
        null
      ],
      "/home/javier/Escritorio/Facultad/Ingenieria de Software/katas-eis/batalla_naval/model/columna.rb": [
        1,
        null,
        1,
        5,
        5,
        null,
        null,
        1,
        5,
        25,
        null,
        null,
        null,
        1,
        0,
        null,
        null,
        1,
        0,
        null,
        null,
        1,
        0,
        0,
        null,
        null,
        1,
        0,
        null,
        null,
        1,
        0,
        null,
        null,
        null
      ],
      "/home/javier/Escritorio/Facultad/Ingenieria de Software/katas-eis/batalla_naval/model/fila.rb": [
        1,
        1,
        25,
        null,
        null,
        1,
        0,
        null,
        null,
        1,
        0,
        null,
        null,
        1,
        0,
        0,
        null,
        0,
        null,
        null,
        null
      ]
    },
    "timestamp": 1430757111
  },
  "RSpec": {
    "coverage": {
      "/Users/nicopaez/Desktop/padrino_base_vacia/app/app.rb": [
        1,
        1,
        1,
        1,
        1,
        1,
        null,
        1,
        null,
        1,
        null,
        1,
        0,
        null,
        null,
        null,
        null,
        null,
        null,
        null,
        null,
        null,
        null,
        null,
        null,
        null,
        null,
        null,
        null,
        null,
        null,
        null,
        null,
        null,
        null,
        null,
        null,
        null,
        null,
        null,
        null,
        null,
        null,
        null,
        null,
        null,
        null,
        null,
        null,
        null,
        null,
        null,
        null,
        null,
        null,
        null,
        null,
        null,
        null,
        null,
        null,
        null,
        null,
        null,
        null,
        null,
        null,
        null,
        null
      ],
      "/Users/nicopaez/Desktop/padrino_base_vacia/app/models/objeto_loco.rb": [
        1,
        null,
        1,
        0,
        null,
        null,
        null
      ]
    },
    "timestamp": 1430486587
  }
}
