{
  "Cucumber Features": {
    "coverage": {
      "/home/javier/Escritorio/Facultad/Ingenieria de Software/katas-eis/batalla_naval/model/tablero.rb": [
        1,
        1,
        8,
        8,
        8,
        8,
        8,
        null,
        null,
        1,
        8,
        40,
        null,
        null,
        null,
        1,
        5,
        null,
        null,
        1,
        0,
        null,
        null,
        1,
        0,
        null,
        null,
        1,
        25,
        null,
        null,
        1,
        4,
        0,
        null,
        2,
        2,
        2,
        null,
        null,
        1,
        9,
        null,
        null,
        1,
        5,
        0,
        null,
        5,
        5,
        5,
        null,
        null,
        1,
        5,
        null,
        null,
        1,
        3,
        3,
        null,
        null,
        1,
        15,
        15,
        null,
        null,
        1,
        5,
        5,
        null,
        null,
        1,
        2,
        null,
        null,
        1,
        2,
        null,
        null,
        1,
        1,
        null,
        null
      ],
      "/home/javier/Escritorio/Facultad/Ingenieria de Software/katas-eis/batalla_naval/model/columna.rb": [
        1,
        null,
        1,
        40,
        40,
        null,
        null,
        1,
        40,
        200,
        null,
        null,
        null,
        1,
        30,
        null,
        null,
        1,
        2,
        null,
        null,
        1,
        5,
        5,
        null,
        null,
        1,
        15,
        null,
        null,
        1,
        3,
        null,
        null,
        null
      ],
      "/home/javier/Escritorio/Facultad/Ingenieria de Software/katas-eis/batalla_naval/model/fila.rb": [
        1,
        1,
        200,
        null,
        null,
        1,
        15,
        null,
        null,
        1,
        12,
        null,
        null,
        1,
        3,
        3,
        null,
        0,
        null,
        null,
        null
      ],
      "/home/javier/Escritorio/Facultad/Ingenieria de Software/katas-eis/batalla_naval/model/barco.rb": [
        1,
        1,
        7,
        7,
        7,
        null,
        null,
        1,
        0,
        null,
        null,
        1,
        2,
        null,
        null,
        1,
        1,
        null,
        null,
        1,
        0,
        null,
        null,
        1,
        1,
        null,
        null,
        1,
        3,
        null,
        null,
        null,
        1,
        1,
        2,
        null,
        null,
        null,
        1,
        1,
        5,
        5,
        5,
        null,
        null,
        1,
        3,
        null,
        null,
        1,
        2,
        null,
        null,
        1,
        6,
        null,
        null
      ],
      "/home/javier/Escritorio/Facultad/Ingenieria de Software/katas-eis/batalla_naval/model/disparo.rb": [
        1,
        1,
        5,
        5,
        5,
        5,
        5,
        null,
        null,
        1,
        10,
        8,
        5,
        null,
        null,
        1,
        3,
        3,
        3,
        3,
        null,
        null,
        1,
        2,
        null,
        null,
        1,
        2,
        null,
        1,
        1,
        null,
        null
      ],
      "/home/javier/Escritorio/Facultad/Ingenieria de Software/katas-eis/batalla_naval/model/estado_barco.rb": [
        1,
        1,
        7,
        null,
        null,
        1,
        2,
        1,
        null,
        2,
        null,
        null,
        null,
        null,
        1,
        1,
        5,
        null,
        null,
        null,
        null,
        1,
        1,
        2,
        null,
        null,
        1,
        1,
        null,
        null
      ]
    },
    "timestamp": 1430880806
  },
  "RSpec": {
    "coverage": {
      "/Users/nicopaez/Desktop/padrino_base_vacia/app/app.rb": [
        1,
        1,
        1,
        1,
        1,
        1,
        null,
        1,
        null,
        1,
        null,
        1,
        0,
        null,
        null,
        null,
        null,
        null,
        null,
        null,
        null,
        null,
        null,
        null,
        null,
        null,
        null,
        null,
        null,
        null,
        null,
        null,
        null,
        null,
        null,
        null,
        null,
        null,
        null,
        null,
        null,
        null,
        null,
        null,
        null,
        null,
        null,
        null,
        null,
        null,
        null,
        null,
        null,
        null,
        null,
        null,
        null,
        null,
        null,
        null,
        null,
        null,
        null,
        null,
        null,
        null,
        null,
        null,
        null
      ],
      "/Users/nicopaez/Desktop/padrino_base_vacia/app/models/objeto_loco.rb": [
        1,
        null,
        1,
        0,
        null,
        null,
        null
      ]
    },
    "timestamp": 1430486587
  }
}
